

Started GET "/" for 127.0.0.1 at 2014-10-27 06:20:21 +0530
Processing by PageController#home as HTML
  Rendered page/home.html.erb within layouts/application (18.4ms)
Completed 200 OK in 1294ms (Views: 1254.9ms | ActiveRecord: 0.0ms)


Started GET "/assets/page.css?body=1" for 127.0.0.1 at 2014-10-27 06:20:24 +0530


Started GET "/assets/page.js?body=1" for 127.0.0.1 at 2014-10-27 06:20:24 +0530


Started GET "/assets/application.css?body=1" for 127.0.0.1 at 2014-10-27 06:20:24 +0530


Started GET "/assets/turbolinks.js?body=1" for 127.0.0.1 at 2014-10-27 06:20:24 +0530


Started GET "/assets/application.js?body=1" for 127.0.0.1 at 2014-10-27 06:20:24 +0530


Started GET "/assets/jquery_ujs.js?body=1" for 127.0.0.1 at 2014-10-27 06:20:24 +0530


Started GET "/assets/jquery.js?body=1" for 127.0.0.1 at 2014-10-27 06:20:24 +0530


Started GET "/" for 127.0.0.1 at 2014-10-27 06:33:15 +0530
Processing by PageController#home as HTML
  Rendered page/home.html.erb within layouts/application (2.3ms)
Completed 200 OK in 96ms (Views: 74.4ms | ActiveRecord: 0.0ms)
  Rendered /Users/manoj/.rvm/gems/ruby-1.9.3-p484/gems/xray-rails-0.1.14/app/views/_xray_bar.html.erb (160.9ms)


Started GET "/about" for 127.0.0.1 at 2014-10-27 06:33:24 +0530

ActionController::RoutingError (No route matches [GET] "/about"):
  actionpack (4.1.5) lib/action_dispatch/middleware/debug_exceptions.rb:21:in `call'
  actionpack (4.1.5) lib/action_dispatch/middleware/show_exceptions.rb:30:in `call'
  railties (4.1.5) lib/rails/rack/logger.rb:38:in `call_app'
  railties (4.1.5) lib/rails/rack/logger.rb:20:in `block in call'
  activesupport (4.1.5) lib/active_support/tagged_logging.rb:68:in `block in tagged'
  activesupport (4.1.5) lib/active_support/tagged_logging.rb:26:in `tagged'
  activesupport (4.1.5) lib/active_support/tagged_logging.rb:68:in `tagged'
  railties (4.1.5) lib/rails/rack/logger.rb:20:in `call'
  quiet_assets (1.0.3) lib/quiet_assets.rb:23:in `call_with_quiet_assets'
  actionpack (4.1.5) lib/action_dispatch/middleware/request_id.rb:21:in `call'
  rack (1.5.2) lib/rack/methodoverride.rb:21:in `call'
  rack (1.5.2) lib/rack/runtime.rb:17:in `call'
  activesupport (4.1.5) lib/active_support/cache/strategy/local_cache_middleware.rb:26:in `call'
  rack (1.5.2) lib/rack/lock.rb:17:in `call'
  actionpack (4.1.5) lib/action_dispatch/middleware/static.rb:64:in `call'
  rack (1.5.2) lib/rack/sendfile.rb:112:in `call'
  railties (4.1.5) lib/rails/engine.rb:514:in `call'
  railties (4.1.5) lib/rails/application.rb:144:in `call'
  rack (1.5.2) lib/rack/lock.rb:17:in `call'
  rack (1.5.2) lib/rack/content_length.rb:14:in `call'
  rack (1.5.2) lib/rack/handler/webrick.rb:60:in `service'
  /Users/manoj/.rvm/rubies/ruby-1.9.3-p484/lib/ruby/1.9.1/webrick/httpserver.rb:138:in `service'
  /Users/manoj/.rvm/rubies/ruby-1.9.3-p484/lib/ruby/1.9.1/webrick/httpserver.rb:94:in `run'
  /Users/manoj/.rvm/rubies/ruby-1.9.3-p484/lib/ruby/1.9.1/webrick/server.rb:191:in `block in start_thread'


  Rendered /Users/manoj/.rvm/gems/ruby-1.9.3-p484/gems/actionpack-4.1.5/lib/action_dispatch/middleware/templates/rescues/_trace.html.erb (3.0ms)
  Rendered /Users/manoj/.rvm/gems/ruby-1.9.3-p484/gems/actionpack-4.1.5/lib/action_dispatch/middleware/templates/routes/_route.html.erb (2.1ms)
  Rendered /Users/manoj/.rvm/gems/ruby-1.9.3-p484/gems/actionpack-4.1.5/lib/action_dispatch/middleware/templates/routes/_table.html.erb (117.3ms)
  Rendered /Users/manoj/.rvm/gems/ruby-1.9.3-p484/gems/actionpack-4.1.5/lib/action_dispatch/middleware/templates/rescues/routing_error.html.erb within rescues/layout (192.5ms)


Started GET "/about" for 127.0.0.1 at 2014-10-27 06:34:07 +0530
Processing by PageController#about as HTML
  Rendered page/about.html.erb within layouts/application (0.4ms)
Completed 200 OK in 46ms (Views: 43.8ms | ActiveRecord: 0.0ms)
  Rendered /Users/manoj/.rvm/gems/ruby-1.9.3-p484/gems/xray-rails-0.1.14/app/views/_xray_bar.html.erb (9.5ms)


Started GET "/about" for 127.0.0.1 at 2014-10-27 06:38:25 +0530
Processing by PageController#about as HTML
  Rendered page/about.html.erb within layouts/application (0.1ms)
Completed 200 OK in 101ms (Views: 98.2ms | ActiveRecord: 0.0ms)
  Rendered /Users/manoj/.rvm/gems/ruby-1.9.3-p484/gems/xray-rails-0.1.14/app/views/_xray_bar.html.erb (9.4ms)


Started GET "/home" for 127.0.0.1 at 2014-10-27 06:38:28 +0530
Processing by PageController#home as HTML
  Rendered page/home.html.erb within layouts/application (0.4ms)
Completed 200 OK in 46ms (Views: 44.0ms | ActiveRecord: 0.0ms)
  Rendered /Users/manoj/.rvm/gems/ruby-1.9.3-p484/gems/xray-rails-0.1.14/app/views/_xray_bar.html.erb (8.9ms)


Started GET "/about" for 127.0.0.1 at 2014-10-27 06:38:30 +0530
Processing by PageController#about as HTML
  Rendered page/about.html.erb within layouts/application (0.4ms)
Completed 200 OK in 65ms (Views: 63.0ms | ActiveRecord: 0.0ms)
  Rendered /Users/manoj/.rvm/gems/ruby-1.9.3-p484/gems/xray-rails-0.1.14/app/views/_xray_bar.html.erb (9.2ms)


Started GET "/contact" for 127.0.0.1 at 2014-10-27 06:38:31 +0530
Processing by PageController#contact as HTML
  Rendered page/contact.html.erb within layouts/application (0.4ms)
Completed 200 OK in 77ms (Views: 73.9ms | ActiveRecord: 0.0ms)
  Rendered /Users/manoj/.rvm/gems/ruby-1.9.3-p484/gems/xray-rails-0.1.14/app/views/_xray_bar.html.erb (8.7ms)


Started GET "/home" for 127.0.0.1 at 2014-10-27 06:38:33 +0530
Processing by PageController#home as HTML
  Rendered page/home.html.erb within layouts/application (0.1ms)
Completed 200 OK in 43ms (Views: 41.6ms | ActiveRecord: 0.0ms)
  Rendered /Users/manoj/.rvm/gems/ruby-1.9.3-p484/gems/xray-rails-0.1.14/app/views/_xray_bar.html.erb (8.6ms)


Started GET "/home" for 127.0.0.1 at 2014-10-27 06:39:45 +0530
Processing by PageController#home as HTML
  Rendered page/home.html.erb within layouts/application (0.5ms)
Completed 200 OK in 71ms (Views: 68.4ms | ActiveRecord: 0.0ms)
  Rendered /Users/manoj/.rvm/gems/ruby-1.9.3-p484/gems/xray-rails-0.1.14/app/views/_xray_bar.html.erb (9.9ms)


Started GET "/home" for 127.0.0.1 at 2014-10-27 06:39:47 +0530
Processing by PageController#home as HTML
  Rendered page/home.html.erb within layouts/application (0.4ms)
Completed 200 OK in 48ms (Views: 46.3ms | ActiveRecord: 0.0ms)
  Rendered /Users/manoj/.rvm/gems/ruby-1.9.3-p484/gems/xray-rails-0.1.14/app/views/_xray_bar.html.erb (8.9ms)


Started GET "/about" for 127.0.0.1 at 2014-10-27 06:39:49 +0530
Processing by PageController#about as HTML
  Rendered page/about.html.erb within layouts/application (0.4ms)
Completed 200 OK in 51ms (Views: 49.3ms | ActiveRecord: 0.0ms)
  Rendered /Users/manoj/.rvm/gems/ruby-1.9.3-p484/gems/xray-rails-0.1.14/app/views/_xray_bar.html.erb (24.5ms)


Started GET "/contact" for 127.0.0.1 at 2014-10-27 06:39:50 +0530
Processing by PageController#contact as HTML
  Rendered page/contact.html.erb within layouts/application (0.4ms)
Completed 200 OK in 55ms (Views: 52.5ms | ActiveRecord: 0.0ms)
  Rendered /Users/manoj/.rvm/gems/ruby-1.9.3-p484/gems/xray-rails-0.1.14/app/views/_xray_bar.html.erb (10.7ms)


Started GET "/about" for 127.0.0.1 at 2014-10-27 06:39:52 +0530
Processing by PageController#about as HTML
  Rendered page/about.html.erb within layouts/application (0.1ms)
Completed 200 OK in 86ms (Views: 84.3ms | ActiveRecord: 0.0ms)
  Rendered /Users/manoj/.rvm/gems/ruby-1.9.3-p484/gems/xray-rails-0.1.14/app/views/_xray_bar.html.erb (9.3ms)


Started GET "/home" for 127.0.0.1 at 2014-10-27 06:39:53 +0530
Processing by PageController#home as HTML
  Rendered page/home.html.erb within layouts/application (0.1ms)
Completed 200 OK in 46ms (Views: 44.0ms | ActiveRecord: 0.0ms)
  Rendered /Users/manoj/.rvm/gems/ruby-1.9.3-p484/gems/xray-rails-0.1.14/app/views/_xray_bar.html.erb (10.3ms)


Started GET "/home" for 127.0.0.1 at 2014-10-27 06:44:03 +0530
Processing by PageController#home as HTML
  Rendered page/home.html.erb within layouts/application (0.1ms)
Completed 200 OK in 52ms (Views: 49.6ms | ActiveRecord: 0.0ms)
  Rendered /Users/manoj/.rvm/gems/ruby-1.9.3-p484/gems/xray-rails-0.1.14/app/views/_xray_bar.html.erb (9.6ms)


Started GET "/home" for 127.0.0.1 at 2014-10-27 06:44:05 +0530
Processing by PageController#home as HTML
  Rendered page/home.html.erb within layouts/application (0.1ms)
Completed 200 OK in 49ms (Views: 45.8ms | ActiveRecord: 0.0ms)
  Rendered /Users/manoj/.rvm/gems/ruby-1.9.3-p484/gems/xray-rails-0.1.14/app/views/_xray_bar.html.erb (9.0ms)


Started GET "/home" for 127.0.0.1 at 2014-10-27 06:44:13 +0530
Processing by PageController#home as HTML
  Rendered page/home.html.erb within layouts/application (0.1ms)
Completed 200 OK in 67ms (Views: 64.7ms | ActiveRecord: 0.0ms)
  Rendered /Users/manoj/.rvm/gems/ruby-1.9.3-p484/gems/xray-rails-0.1.14/app/views/_xray_bar.html.erb (10.0ms)


Started GET "/home" for 127.0.0.1 at 2014-10-27 06:44:16 +0530
Processing by PageController#home as HTML
  Rendered page/home.html.erb within layouts/application (0.1ms)
Completed 200 OK in 46ms (Views: 44.2ms | ActiveRecord: 0.0ms)
  Rendered /Users/manoj/.rvm/gems/ruby-1.9.3-p484/gems/xray-rails-0.1.14/app/views/_xray_bar.html.erb (9.0ms)


Started GET "/" for 127.0.0.1 at 2014-10-27 06:44:20 +0530
Processing by PageController#home as HTML
  Rendered page/home.html.erb within layouts/application (0.1ms)
Completed 200 OK in 97ms (Views: 93.9ms | ActiveRecord: 0.0ms)
  Rendered /Users/manoj/.rvm/gems/ruby-1.9.3-p484/gems/xray-rails-0.1.14/app/views/_xray_bar.html.erb (17.8ms)


Started GET "/" for 127.0.0.1 at 2014-10-27 06:44:32 +0530
Processing by PageController#home as HTML
  Rendered page/home.html.erb within layouts/application (0.1ms)
Completed 200 OK in 79ms (Views: 77.1ms | ActiveRecord: 0.0ms)
  Rendered /Users/manoj/.rvm/gems/ruby-1.9.3-p484/gems/xray-rails-0.1.14/app/views/_xray_bar.html.erb (9.3ms)


Started GET "/about" for 127.0.0.1 at 2014-10-27 06:44:33 +0530
Processing by PageController#about as HTML
  Rendered page/about.html.erb within layouts/application (0.1ms)
Completed 200 OK in 46ms (Views: 44.2ms | ActiveRecord: 0.0ms)
  Rendered /Users/manoj/.rvm/gems/ruby-1.9.3-p484/gems/xray-rails-0.1.14/app/views/_xray_bar.html.erb (24.9ms)


Started GET "/" for 127.0.0.1 at 2014-10-27 06:44:34 +0530
Processing by PageController#home as HTML
  Rendered page/home.html.erb within layouts/application (0.1ms)
Completed 200 OK in 49ms (Views: 46.9ms | ActiveRecord: 0.0ms)
  Rendered /Users/manoj/.rvm/gems/ruby-1.9.3-p484/gems/xray-rails-0.1.14/app/views/_xray_bar.html.erb (9.9ms)


Started GET "/" for 127.0.0.1 at 2014-10-27 06:44:48 +0530
Processing by PageController#home as HTML
  Rendered page/home.html.erb within layouts/application (0.1ms)
Completed 200 OK in 47ms (Views: 45.2ms | ActiveRecord: 0.0ms)
  Rendered /Users/manoj/.rvm/gems/ruby-1.9.3-p484/gems/xray-rails-0.1.14/app/views/_xray_bar.html.erb (9.5ms)


Started GET "/" for 127.0.0.1 at 2014-10-27 06:45:13 +0530
Processing by PageController#home as HTML
  Rendered page/home.html.erb within layouts/application (0.1ms)
Completed 200 OK in 74ms (Views: 72.0ms | ActiveRecord: 0.0ms)
  Rendered /Users/manoj/.rvm/gems/ruby-1.9.3-p484/gems/xray-rails-0.1.14/app/views/_xray_bar.html.erb (9.8ms)


Started GET "/page" for 127.0.0.1 at 2014-10-27 06:46:49 +0530

ActionController::RoutingError (No route matches [GET] "/page"):
  actionpack (4.1.5) lib/action_dispatch/middleware/debug_exceptions.rb:21:in `call'
  actionpack (4.1.5) lib/action_dispatch/middleware/show_exceptions.rb:30:in `call'
  railties (4.1.5) lib/rails/rack/logger.rb:38:in `call_app'
  railties (4.1.5) lib/rails/rack/logger.rb:20:in `block in call'
  activesupport (4.1.5) lib/active_support/tagged_logging.rb:68:in `block in tagged'
  activesupport (4.1.5) lib/active_support/tagged_logging.rb:26:in `tagged'
  activesupport (4.1.5) lib/active_support/tagged_logging.rb:68:in `tagged'
  railties (4.1.5) lib/rails/rack/logger.rb:20:in `call'
  quiet_assets (1.0.3) lib/quiet_assets.rb:23:in `call_with_quiet_assets'
  actionpack (4.1.5) lib/action_dispatch/middleware/request_id.rb:21:in `call'
  rack (1.5.2) lib/rack/methodoverride.rb:21:in `call'
  rack (1.5.2) lib/rack/runtime.rb:17:in `call'
  activesupport (4.1.5) lib/active_support/cache/strategy/local_cache_middleware.rb:26:in `call'
  rack (1.5.2) lib/rack/lock.rb:17:in `call'
  actionpack (4.1.5) lib/action_dispatch/middleware/static.rb:64:in `call'
  rack (1.5.2) lib/rack/sendfile.rb:112:in `call'
  railties (4.1.5) lib/rails/engine.rb:514:in `call'
  railties (4.1.5) lib/rails/application.rb:144:in `call'
  rack (1.5.2) lib/rack/lock.rb:17:in `call'
  rack (1.5.2) lib/rack/content_length.rb:14:in `call'
  rack (1.5.2) lib/rack/handler/webrick.rb:60:in `service'
  /Users/manoj/.rvm/rubies/ruby-1.9.3-p484/lib/ruby/1.9.1/webrick/httpserver.rb:138:in `service'
  /Users/manoj/.rvm/rubies/ruby-1.9.3-p484/lib/ruby/1.9.1/webrick/httpserver.rb:94:in `run'
  /Users/manoj/.rvm/rubies/ruby-1.9.3-p484/lib/ruby/1.9.1/webrick/server.rb:191:in `block in start_thread'


  Rendered /Users/manoj/.rvm/gems/ruby-1.9.3-p484/gems/actionpack-4.1.5/lib/action_dispatch/middleware/templates/rescues/_trace.html.erb (1.1ms)
  Rendered /Users/manoj/.rvm/gems/ruby-1.9.3-p484/gems/actionpack-4.1.5/lib/action_dispatch/middleware/templates/routes/_route.html.erb (1.1ms)
  Rendered /Users/manoj/.rvm/gems/ruby-1.9.3-p484/gems/actionpack-4.1.5/lib/action_dispatch/middleware/templates/routes/_table.html.erb (1.1ms)
  Rendered /Users/manoj/.rvm/gems/ruby-1.9.3-p484/gems/actionpack-4.1.5/lib/action_dispatch/middleware/templates/rescues/routing_error.html.erb within rescues/layout (18.3ms)


Started GET "/" for 127.0.0.1 at 2014-10-27 06:46:53 +0530
Processing by PageController#home as HTML
  Rendered page/home.html.erb within layouts/application (0.1ms)
Completed 200 OK in 53ms (Views: 51.0ms | ActiveRecord: 0.0ms)
  Rendered /Users/manoj/.rvm/gems/ruby-1.9.3-p484/gems/xray-rails-0.1.14/app/views/_xray_bar.html.erb (8.8ms)


Started GET "/" for 127.0.0.1 at 2014-10-27 06:48:05 +0530
Processing by PageController#home as HTML
  Rendered page/home.html.erb within layouts/application (0.2ms)
Completed 200 OK in 121ms (Views: 118.6ms | ActiveRecord: 0.0ms)
  Rendered /Users/manoj/.rvm/gems/ruby-1.9.3-p484/gems/xray-rails-0.1.14/app/views/_xray_bar.html.erb (12.2ms)


Started GET "/may-new-page" for 127.0.0.1 at 2014-10-27 07:03:00 +0530

ActionController::RoutingError (No route matches [GET] "/may-new-page"):
  actionpack (4.1.5) lib/action_dispatch/middleware/debug_exceptions.rb:21:in `call'
  actionpack (4.1.5) lib/action_dispatch/middleware/show_exceptions.rb:30:in `call'
  railties (4.1.5) lib/rails/rack/logger.rb:38:in `call_app'
  railties (4.1.5) lib/rails/rack/logger.rb:20:in `block in call'
  activesupport (4.1.5) lib/active_support/tagged_logging.rb:68:in `block in tagged'
  activesupport (4.1.5) lib/active_support/tagged_logging.rb:26:in `tagged'
  activesupport (4.1.5) lib/active_support/tagged_logging.rb:68:in `tagged'
  railties (4.1.5) lib/rails/rack/logger.rb:20:in `call'
  quiet_assets (1.0.3) lib/quiet_assets.rb:23:in `call_with_quiet_assets'
  actionpack (4.1.5) lib/action_dispatch/middleware/request_id.rb:21:in `call'
  rack (1.5.2) lib/rack/methodoverride.rb:21:in `call'
  rack (1.5.2) lib/rack/runtime.rb:17:in `call'
  activesupport (4.1.5) lib/active_support/cache/strategy/local_cache_middleware.rb:26:in `call'
  rack (1.5.2) lib/rack/lock.rb:17:in `call'
  actionpack (4.1.5) lib/action_dispatch/middleware/static.rb:64:in `call'
  rack (1.5.2) lib/rack/sendfile.rb:112:in `call'
  railties (4.1.5) lib/rails/engine.rb:514:in `call'
  railties (4.1.5) lib/rails/application.rb:144:in `call'
  rack (1.5.2) lib/rack/lock.rb:17:in `call'
  rack (1.5.2) lib/rack/content_length.rb:14:in `call'
  rack (1.5.2) lib/rack/handler/webrick.rb:60:in `service'
  /Users/manoj/.rvm/rubies/ruby-1.9.3-p484/lib/ruby/1.9.1/webrick/httpserver.rb:138:in `service'
  /Users/manoj/.rvm/rubies/ruby-1.9.3-p484/lib/ruby/1.9.1/webrick/httpserver.rb:94:in `run'
  /Users/manoj/.rvm/rubies/ruby-1.9.3-p484/lib/ruby/1.9.1/webrick/server.rb:191:in `block in start_thread'


  Rendered /Users/manoj/.rvm/gems/ruby-1.9.3-p484/gems/actionpack-4.1.5/lib/action_dispatch/middleware/templates/rescues/_trace.html.erb (1.3ms)
  Rendered /Users/manoj/.rvm/gems/ruby-1.9.3-p484/gems/actionpack-4.1.5/lib/action_dispatch/middleware/templates/routes/_route.html.erb (1.0ms)
  Rendered /Users/manoj/.rvm/gems/ruby-1.9.3-p484/gems/actionpack-4.1.5/lib/action_dispatch/middleware/templates/routes/_table.html.erb (1.1ms)
  Rendered /Users/manoj/.rvm/gems/ruby-1.9.3-p484/gems/actionpack-4.1.5/lib/action_dispatch/middleware/templates/rescues/routing_error.html.erb within rescues/layout (18.8ms)


Started GET "/" for 127.0.0.1 at 2014-10-27 07:03:05 +0530
Processing by PageController#home as HTML
  Rendered page/home.html.erb within layouts/application (0.1ms)
Completed 200 OK in 50ms (Views: 47.5ms | ActiveRecord: 0.0ms)
  Rendered /Users/manoj/.rvm/gems/ruby-1.9.3-p484/gems/xray-rails-0.1.14/app/views/_xray_bar.html.erb (9.0ms)


Started GET "/" for 127.0.0.1 at 2014-10-27 07:03:15 +0530
Processing by PageController#home as HTML
  Rendered page/home.html.erb within layouts/application (0.1ms)
Completed 200 OK in 85ms (Views: 81.7ms | ActiveRecord: 0.0ms)
  Rendered /Users/manoj/.rvm/gems/ruby-1.9.3-p484/gems/xray-rails-0.1.14/app/views/_xray_bar.html.erb (9.5ms)


Started GET "/may-new-page" for 127.0.0.1 at 2014-10-27 07:03:57 +0530

ActionController::RoutingError (No route matches [GET] "/may-new-page"):
  actionpack (4.1.5) lib/action_dispatch/middleware/debug_exceptions.rb:21:in `call'
  actionpack (4.1.5) lib/action_dispatch/middleware/show_exceptions.rb:30:in `call'
  railties (4.1.5) lib/rails/rack/logger.rb:38:in `call_app'
  railties (4.1.5) lib/rails/rack/logger.rb:20:in `block in call'
  activesupport (4.1.5) lib/active_support/tagged_logging.rb:68:in `block in tagged'
  activesupport (4.1.5) lib/active_support/tagged_logging.rb:26:in `tagged'
  activesupport (4.1.5) lib/active_support/tagged_logging.rb:68:in `tagged'
  railties (4.1.5) lib/rails/rack/logger.rb:20:in `call'
  quiet_assets (1.0.3) lib/quiet_assets.rb:23:in `call_with_quiet_assets'
  actionpack (4.1.5) lib/action_dispatch/middleware/request_id.rb:21:in `call'
  rack (1.5.2) lib/rack/methodoverride.rb:21:in `call'
  rack (1.5.2) lib/rack/runtime.rb:17:in `call'
  activesupport (4.1.5) lib/active_support/cache/strategy/local_cache_middleware.rb:26:in `call'
  rack (1.5.2) lib/rack/lock.rb:17:in `call'
  actionpack (4.1.5) lib/action_dispatch/middleware/static.rb:64:in `call'
  rack (1.5.2) lib/rack/sendfile.rb:112:in `call'
  railties (4.1.5) lib/rails/engine.rb:514:in `call'
  railties (4.1.5) lib/rails/application.rb:144:in `call'
  rack (1.5.2) lib/rack/lock.rb:17:in `call'
  rack (1.5.2) lib/rack/content_length.rb:14:in `call'
  rack (1.5.2) lib/rack/handler/webrick.rb:60:in `service'
  /Users/manoj/.rvm/rubies/ruby-1.9.3-p484/lib/ruby/1.9.1/webrick/httpserver.rb:138:in `service'
  /Users/manoj/.rvm/rubies/ruby-1.9.3-p484/lib/ruby/1.9.1/webrick/httpserver.rb:94:in `run'
  /Users/manoj/.rvm/rubies/ruby-1.9.3-p484/lib/ruby/1.9.1/webrick/server.rb:191:in `block in start_thread'


  Rendered /Users/manoj/.rvm/gems/ruby-1.9.3-p484/gems/actionpack-4.1.5/lib/action_dispatch/middleware/templates/rescues/_trace.html.erb (1.0ms)
  Rendered /Users/manoj/.rvm/gems/ruby-1.9.3-p484/gems/actionpack-4.1.5/lib/action_dispatch/middleware/templates/routes/_route.html.erb (1.0ms)
  Rendered /Users/manoj/.rvm/gems/ruby-1.9.3-p484/gems/actionpack-4.1.5/lib/action_dispatch/middleware/templates/routes/_table.html.erb (1.1ms)
  Rendered /Users/manoj/.rvm/gems/ruby-1.9.3-p484/gems/actionpack-4.1.5/lib/action_dispatch/middleware/templates/rescues/routing_error.html.erb within rescues/layout (17.6ms)


Started GET "/" for 127.0.0.1 at 2014-10-27 07:04:01 +0530
Processing by PageController#home as HTML
  Rendered page/home.html.erb within layouts/application (0.1ms)
Completed 200 OK in 74ms (Views: 71.9ms | ActiveRecord: 0.0ms)
  Rendered /Users/manoj/.rvm/gems/ruby-1.9.3-p484/gems/xray-rails-0.1.14/app/views/_xray_bar.html.erb (9.1ms)


Started GET "/" for 127.0.0.1 at 2014-10-27 07:04:16 +0530
Processing by PageController#home as HTML
  Rendered page/home.html.erb within layouts/application (0.2ms)
Completed 200 OK in 56ms (Views: 52.9ms | ActiveRecord: 0.0ms)
  Rendered /Users/manoj/.rvm/gems/ruby-1.9.3-p484/gems/xray-rails-0.1.14/app/views/_xray_bar.html.erb (8.9ms)


Started GET "/" for 127.0.0.1 at 2014-10-27 07:04:23 +0530
Processing by PageController#home as HTML
  Rendered page/home.html.erb within layouts/application (0.1ms)
Completed 200 OK in 75ms (Views: 72.4ms | ActiveRecord: 0.0ms)
  Rendered /Users/manoj/.rvm/gems/ruby-1.9.3-p484/gems/xray-rails-0.1.14/app/views/_xray_bar.html.erb (9.9ms)


Started GET "/" for 127.0.0.1 at 2014-10-27 07:04:52 +0530
Processing by PageController#home as HTML
  Rendered page/home.html.erb within layouts/application (0.1ms)
Completed 200 OK in 45ms (Views: 42.9ms | ActiveRecord: 0.0ms)
  Rendered /Users/manoj/.rvm/gems/ruby-1.9.3-p484/gems/xray-rails-0.1.14/app/views/_xray_bar.html.erb (9.7ms)


Started GET "/" for 127.0.0.1 at 2014-10-27 07:05:22 +0530
Processing by PageController#home as HTML
  Rendered page/home.html.erb within layouts/application (0.1ms)
Completed 200 OK in 68ms (Views: 65.8ms | ActiveRecord: 0.0ms)
  Rendered /Users/manoj/.rvm/gems/ruby-1.9.3-p484/gems/xray-rails-0.1.14/app/views/_xray_bar.html.erb (12.3ms)


Started GET "/may-new-page" for 127.0.0.1 at 2014-10-27 07:19:32 +0530

ActionController::RoutingError (No route matches [GET] "/may-new-page"):
  actionpack (4.1.5) lib/action_dispatch/middleware/debug_exceptions.rb:21:in `call'
  actionpack (4.1.5) lib/action_dispatch/middleware/show_exceptions.rb:30:in `call'
  railties (4.1.5) lib/rails/rack/logger.rb:38:in `call_app'
  railties (4.1.5) lib/rails/rack/logger.rb:20:in `block in call'
  activesupport (4.1.5) lib/active_support/tagged_logging.rb:68:in `block in tagged'
  activesupport (4.1.5) lib/active_support/tagged_logging.rb:26:in `tagged'
  activesupport (4.1.5) lib/active_support/tagged_logging.rb:68:in `tagged'
  railties (4.1.5) lib/rails/rack/logger.rb:20:in `call'
  quiet_assets (1.0.3) lib/quiet_assets.rb:23:in `call_with_quiet_assets'
  actionpack (4.1.5) lib/action_dispatch/middleware/request_id.rb:21:in `call'
  rack (1.5.2) lib/rack/methodoverride.rb:21:in `call'
  rack (1.5.2) lib/rack/runtime.rb:17:in `call'
  activesupport (4.1.5) lib/active_support/cache/strategy/local_cache_middleware.rb:26:in `call'
  rack (1.5.2) lib/rack/lock.rb:17:in `call'
  actionpack (4.1.5) lib/action_dispatch/middleware/static.rb:64:in `call'
  rack (1.5.2) lib/rack/sendfile.rb:112:in `call'
  railties (4.1.5) lib/rails/engine.rb:514:in `call'
  railties (4.1.5) lib/rails/application.rb:144:in `call'
  rack (1.5.2) lib/rack/lock.rb:17:in `call'
  rack (1.5.2) lib/rack/content_length.rb:14:in `call'
  rack (1.5.2) lib/rack/handler/webrick.rb:60:in `service'
  /Users/manoj/.rvm/rubies/ruby-1.9.3-p484/lib/ruby/1.9.1/webrick/httpserver.rb:138:in `service'
  /Users/manoj/.rvm/rubies/ruby-1.9.3-p484/lib/ruby/1.9.1/webrick/httpserver.rb:94:in `run'
  /Users/manoj/.rvm/rubies/ruby-1.9.3-p484/lib/ruby/1.9.1/webrick/server.rb:191:in `block in start_thread'


  Rendered /Users/manoj/.rvm/gems/ruby-1.9.3-p484/gems/actionpack-4.1.5/lib/action_dispatch/middleware/templates/rescues/_trace.html.erb (1.2ms)
  Rendered /Users/manoj/.rvm/gems/ruby-1.9.3-p484/gems/actionpack-4.1.5/lib/action_dispatch/middleware/templates/routes/_route.html.erb (0.9ms)
  Rendered /Users/manoj/.rvm/gems/ruby-1.9.3-p484/gems/actionpack-4.1.5/lib/action_dispatch/middleware/templates/routes/_table.html.erb (1.1ms)
  Rendered /Users/manoj/.rvm/gems/ruby-1.9.3-p484/gems/actionpack-4.1.5/lib/action_dispatch/middleware/templates/rescues/routing_error.html.erb within rescues/layout (52.9ms)


Started GET "/" for 127.0.0.1 at 2014-10-27 07:19:36 +0530
Processing by PageController#home as HTML
  Rendered page/home.html.erb within layouts/application (0.1ms)
Completed 200 OK in 54ms (Views: 50.7ms | ActiveRecord: 0.0ms)
  Rendered /Users/manoj/.rvm/gems/ruby-1.9.3-p484/gems/xray-rails-0.1.14/app/views/_xray_bar.html.erb (9.4ms)


Started GET "/may-new-page" for 127.0.0.1 at 2014-10-27 07:20:10 +0530

ActionController::RoutingError (No route matches [GET] "/may-new-page"):
  actionpack (4.1.5) lib/action_dispatch/middleware/debug_exceptions.rb:21:in `call'
  actionpack (4.1.5) lib/action_dispatch/middleware/show_exceptions.rb:30:in `call'
  railties (4.1.5) lib/rails/rack/logger.rb:38:in `call_app'
  railties (4.1.5) lib/rails/rack/logger.rb:20:in `block in call'
  activesupport (4.1.5) lib/active_support/tagged_logging.rb:68:in `block in tagged'
  activesupport (4.1.5) lib/active_support/tagged_logging.rb:26:in `tagged'
  activesupport (4.1.5) lib/active_support/tagged_logging.rb:68:in `tagged'
  railties (4.1.5) lib/rails/rack/logger.rb:20:in `call'
  quiet_assets (1.0.3) lib/quiet_assets.rb:23:in `call_with_quiet_assets'
  actionpack (4.1.5) lib/action_dispatch/middleware/request_id.rb:21:in `call'
  rack (1.5.2) lib/rack/methodoverride.rb:21:in `call'
  rack (1.5.2) lib/rack/runtime.rb:17:in `call'
  activesupport (4.1.5) lib/active_support/cache/strategy/local_cache_middleware.rb:26:in `call'
  rack (1.5.2) lib/rack/lock.rb:17:in `call'
  actionpack (4.1.5) lib/action_dispatch/middleware/static.rb:64:in `call'
  rack (1.5.2) lib/rack/sendfile.rb:112:in `call'
  railties (4.1.5) lib/rails/engine.rb:514:in `call'
  railties (4.1.5) lib/rails/application.rb:144:in `call'
  rack (1.5.2) lib/rack/lock.rb:17:in `call'
  rack (1.5.2) lib/rack/content_length.rb:14:in `call'
  rack (1.5.2) lib/rack/handler/webrick.rb:60:in `service'
  /Users/manoj/.rvm/rubies/ruby-1.9.3-p484/lib/ruby/1.9.1/webrick/httpserver.rb:138:in `service'
  /Users/manoj/.rvm/rubies/ruby-1.9.3-p484/lib/ruby/1.9.1/webrick/httpserver.rb:94:in `run'
  /Users/manoj/.rvm/rubies/ruby-1.9.3-p484/lib/ruby/1.9.1/webrick/server.rb:191:in `block in start_thread'


  Rendered /Users/manoj/.rvm/gems/ruby-1.9.3-p484/gems/actionpack-4.1.5/lib/action_dispatch/middleware/templates/rescues/_trace.html.erb (1.2ms)
  Rendered /Users/manoj/.rvm/gems/ruby-1.9.3-p484/gems/actionpack-4.1.5/lib/action_dispatch/middleware/templates/routes/_route.html.erb (1.4ms)
  Rendered /Users/manoj/.rvm/gems/ruby-1.9.3-p484/gems/actionpack-4.1.5/lib/action_dispatch/middleware/templates/routes/_table.html.erb (1.8ms)
  Rendered /Users/manoj/.rvm/gems/ruby-1.9.3-p484/gems/actionpack-4.1.5/lib/action_dispatch/middleware/templates/rescues/routing_error.html.erb within rescues/layout (23.3ms)


Started GET "/" for 127.0.0.1 at 2014-10-27 07:20:13 +0530
Processing by PageController#home as HTML
  Rendered page/home.html.erb within layouts/application (0.1ms)
Completed 200 OK in 96ms (Views: 93.3ms | ActiveRecord: 0.0ms)
  Rendered /Users/manoj/.rvm/gems/ruby-1.9.3-p484/gems/xray-rails-0.1.14/app/views/_xray_bar.html.erb (9.3ms)


Started GET "/may-new-page" for 127.0.0.1 at 2014-10-27 07:24:03 +0530

ActionController::RoutingError (No route matches [GET] "/may-new-page"):
  actionpack (4.1.5) lib/action_dispatch/middleware/debug_exceptions.rb:21:in `call'
  actionpack (4.1.5) lib/action_dispatch/middleware/show_exceptions.rb:30:in `call'
  railties (4.1.5) lib/rails/rack/logger.rb:38:in `call_app'
  railties (4.1.5) lib/rails/rack/logger.rb:20:in `block in call'
  activesupport (4.1.5) lib/active_support/tagged_logging.rb:68:in `block in tagged'
  activesupport (4.1.5) lib/active_support/tagged_logging.rb:26:in `tagged'
  activesupport (4.1.5) lib/active_support/tagged_logging.rb:68:in `tagged'
  railties (4.1.5) lib/rails/rack/logger.rb:20:in `call'
  quiet_assets (1.0.3) lib/quiet_assets.rb:23:in `call_with_quiet_assets'
  actionpack (4.1.5) lib/action_dispatch/middleware/request_id.rb:21:in `call'
  rack (1.5.2) lib/rack/methodoverride.rb:21:in `call'
  rack (1.5.2) lib/rack/runtime.rb:17:in `call'
  activesupport (4.1.5) lib/active_support/cache/strategy/local_cache_middleware.rb:26:in `call'
  rack (1.5.2) lib/rack/lock.rb:17:in `call'
  actionpack (4.1.5) lib/action_dispatch/middleware/static.rb:64:in `call'
  rack (1.5.2) lib/rack/sendfile.rb:112:in `call'
  railties (4.1.5) lib/rails/engine.rb:514:in `call'
  railties (4.1.5) lib/rails/application.rb:144:in `call'
  rack (1.5.2) lib/rack/lock.rb:17:in `call'
  rack (1.5.2) lib/rack/content_length.rb:14:in `call'
  rack (1.5.2) lib/rack/handler/webrick.rb:60:in `service'
  /Users/manoj/.rvm/rubies/ruby-1.9.3-p484/lib/ruby/1.9.1/webrick/httpserver.rb:138:in `service'
  /Users/manoj/.rvm/rubies/ruby-1.9.3-p484/lib/ruby/1.9.1/webrick/httpserver.rb:94:in `run'
  /Users/manoj/.rvm/rubies/ruby-1.9.3-p484/lib/ruby/1.9.1/webrick/server.rb:191:in `block in start_thread'


  Rendered /Users/manoj/.rvm/gems/ruby-1.9.3-p484/gems/actionpack-4.1.5/lib/action_dispatch/middleware/templates/rescues/_trace.html.erb (1.1ms)
  Rendered /Users/manoj/.rvm/gems/ruby-1.9.3-p484/gems/actionpack-4.1.5/lib/action_dispatch/middleware/templates/routes/_route.html.erb (1.0ms)
  Rendered /Users/manoj/.rvm/gems/ruby-1.9.3-p484/gems/actionpack-4.1.5/lib/action_dispatch/middleware/templates/routes/_table.html.erb (1.1ms)
  Rendered /Users/manoj/.rvm/gems/ruby-1.9.3-p484/gems/actionpack-4.1.5/lib/action_dispatch/middleware/templates/rescues/routing_error.html.erb within rescues/layout (17.1ms)


Started GET "/" for 127.0.0.1 at 2014-10-27 07:24:07 +0530
Processing by PageController#home as HTML
  Rendered page/home.html.erb within layouts/application (0.1ms)
Completed 200 OK in 55ms (Views: 52.5ms | ActiveRecord: 0.0ms)
  Rendered /Users/manoj/.rvm/gems/ruby-1.9.3-p484/gems/xray-rails-0.1.14/app/views/_xray_bar.html.erb (11.3ms)


Started GET "/" for 127.0.0.1 at 2014-10-27 07:25:16 +0530
Processing by PageController#home as HTML
  Rendered page/home.html.erb within layouts/application (0.1ms)
Completed 200 OK in 54ms (Views: 51.4ms | ActiveRecord: 0.0ms)
  Rendered /Users/manoj/.rvm/gems/ruby-1.9.3-p484/gems/xray-rails-0.1.14/app/views/_xray_bar.html.erb (9.5ms)


Started GET "/" for 127.0.0.1 at 2014-10-27 07:25:27 +0530
Processing by PageController#home as HTML
  Rendered page/home.html.erb within layouts/application (0.1ms)
Completed 200 OK in 70ms (Views: 68.3ms | ActiveRecord: 0.0ms)
  Rendered /Users/manoj/.rvm/gems/ruby-1.9.3-p484/gems/xray-rails-0.1.14/app/views/_xray_bar.html.erb (9.3ms)


Started GET "/" for 127.0.0.1 at 2014-10-27 07:25:34 +0530
Processing by PageController#home as HTML
  Rendered page/home.html.erb within layouts/application (0.1ms)
Completed 200 OK in 46ms (Views: 43.8ms | ActiveRecord: 0.0ms)
  Rendered /Users/manoj/.rvm/gems/ruby-1.9.3-p484/gems/xray-rails-0.1.14/app/views/_xray_bar.html.erb (8.9ms)


Started GET "/about" for 127.0.0.1 at 2014-10-27 07:25:36 +0530
Processing by PageController#about as HTML
  Rendered page/about.html.erb within layouts/application (0.1ms)
Completed 200 OK in 61ms (Views: 59.2ms | ActiveRecord: 0.0ms)
  Rendered /Users/manoj/.rvm/gems/ruby-1.9.3-p484/gems/xray-rails-0.1.14/app/views/_xray_bar.html.erb (9.1ms)


Started GET "/about" for 127.0.0.1 at 2014-10-27 07:25:40 +0530
Processing by PageController#about as HTML
  Rendered page/about.html.erb within layouts/application (0.1ms)
Completed 200 OK in 51ms (Views: 49.7ms | ActiveRecord: 0.0ms)
  Rendered /Users/manoj/.rvm/gems/ruby-1.9.3-p484/gems/xray-rails-0.1.14/app/views/_xray_bar.html.erb (10.2ms)


Started GET "/" for 127.0.0.1 at 2014-10-27 07:25:42 +0530
Processing by PageController#home as HTML
  Rendered page/home.html.erb within layouts/application (0.1ms)
Completed 200 OK in 48ms (Views: 45.9ms | ActiveRecord: 0.0ms)
  Rendered /Users/manoj/.rvm/gems/ruby-1.9.3-p484/gems/xray-rails-0.1.14/app/views/_xray_bar.html.erb (8.7ms)


Started GET "/about" for 127.0.0.1 at 2014-10-27 07:25:44 +0530
Processing by PageController#about as HTML
  Rendered page/about.html.erb within layouts/application (0.1ms)
Completed 200 OK in 44ms (Views: 42.5ms | ActiveRecord: 0.0ms)
  Rendered /Users/manoj/.rvm/gems/ruby-1.9.3-p484/gems/xray-rails-0.1.14/app/views/_xray_bar.html.erb (25.2ms)


Started GET "/contact" for 127.0.0.1 at 2014-10-27 07:25:46 +0530
Processing by PageController#contact as HTML
  Rendered page/contact.html.erb within layouts/application (0.2ms)
Completed 200 OK in 80ms (Views: 76.9ms | ActiveRecord: 0.0ms)
  Rendered /Users/manoj/.rvm/gems/ruby-1.9.3-p484/gems/xray-rails-0.1.14/app/views/_xray_bar.html.erb (9.4ms)


Started GET "/" for 127.0.0.1 at 2014-10-27 07:27:16 +0530
Processing by PageController#home as HTML
  Rendered page/home.html.erb within layouts/application (0.1ms)
Completed 200 OK in 84ms (Views: 82.0ms | ActiveRecord: 0.0ms)
  Rendered /Users/manoj/.rvm/gems/ruby-1.9.3-p484/gems/xray-rails-0.1.14/app/views/_xray_bar.html.erb (9.2ms)


Started GET "/" for 127.0.0.1 at 2014-10-27 07:27:38 +0530
Processing by PageController#home as HTML
  Rendered page/home.html.erb within layouts/application (0.1ms)
Completed 200 OK in 55ms (Views: 51.7ms | ActiveRecord: 0.0ms)
  Rendered /Users/manoj/.rvm/gems/ruby-1.9.3-p484/gems/xray-rails-0.1.14/app/views/_xray_bar.html.erb (28.2ms)


Started GET "/" for 127.0.0.1 at 2014-10-27 07:29:25 +0530
Processing by PageController#home as HTML
  Rendered page/home.html.erb within layouts/application (0.1ms)
Completed 200 OK in 84ms (Views: 81.1ms | ActiveRecord: 0.0ms)
  Rendered /Users/manoj/.rvm/gems/ruby-1.9.3-p484/gems/xray-rails-0.1.14/app/views/_xray_bar.html.erb (9.2ms)


Started GET "/" for 127.0.0.1 at 2014-10-27 07:32:28 +0530
Processing by PageController#home as HTML
  Rendered page/home.html.erb within layouts/application (0.1ms)
Completed 200 OK in 74ms (Views: 72.3ms | ActiveRecord: 0.0ms)
  Rendered /Users/manoj/.rvm/gems/ruby-1.9.3-p484/gems/xray-rails-0.1.14/app/views/_xray_bar.html.erb (9.3ms)


Started GET "/" for 127.0.0.1 at 2014-10-27 07:33:18 +0530
Processing by PageController#home as HTML
  Rendered page/home.html.erb within layouts/application (0.1ms)
Completed 200 OK in 50ms (Views: 48.0ms | ActiveRecord: 0.0ms)
  Rendered /Users/manoj/.rvm/gems/ruby-1.9.3-p484/gems/xray-rails-0.1.14/app/views/_xray_bar.html.erb (9.2ms)


Started GET "/" for 127.0.0.1 at 2014-10-27 07:33:38 +0530
Processing by PageController#home as HTML
  Rendered page/home.html.erb within layouts/application (0.1ms)
Completed 200 OK in 66ms (Views: 64.5ms | ActiveRecord: 0.0ms)
  Rendered /Users/manoj/.rvm/gems/ruby-1.9.3-p484/gems/xray-rails-0.1.14/app/views/_xray_bar.html.erb (9.0ms)


Started GET "/" for 127.0.0.1 at 2014-10-27 07:33:54 +0530
Processing by PageController#home as HTML
  Rendered page/home.html.erb within layouts/application (0.1ms)
Completed 200 OK in 57ms (Views: 53.5ms | ActiveRecord: 0.0ms)
  Rendered /Users/manoj/.rvm/gems/ruby-1.9.3-p484/gems/xray-rails-0.1.14/app/views/_xray_bar.html.erb (8.7ms)


Started GET "/" for 127.0.0.1 at 2014-10-27 07:34:12 +0530
Processing by PageController#home as HTML
  Rendered page/home.html.erb within layouts/application (0.2ms)
Completed 200 OK in 71ms (Views: 68.0ms | ActiveRecord: 0.0ms)
  Rendered /Users/manoj/.rvm/gems/ruby-1.9.3-p484/gems/xray-rails-0.1.14/app/views/_xray_bar.html.erb (9.4ms)


Started GET "/may-new-page" for 127.0.0.1 at 2014-10-27 07:34:24 +0530

ActionController::RoutingError (No route matches [GET] "/may-new-page"):
  actionpack (4.1.5) lib/action_dispatch/middleware/debug_exceptions.rb:21:in `call'
  actionpack (4.1.5) lib/action_dispatch/middleware/show_exceptions.rb:30:in `call'
  railties (4.1.5) lib/rails/rack/logger.rb:38:in `call_app'
  railties (4.1.5) lib/rails/rack/logger.rb:20:in `block in call'
  activesupport (4.1.5) lib/active_support/tagged_logging.rb:68:in `block in tagged'
  activesupport (4.1.5) lib/active_support/tagged_logging.rb:26:in `tagged'
  activesupport (4.1.5) lib/active_support/tagged_logging.rb:68:in `tagged'
  railties (4.1.5) lib/rails/rack/logger.rb:20:in `call'
  quiet_assets (1.0.3) lib/quiet_assets.rb:23:in `call_with_quiet_assets'
  actionpack (4.1.5) lib/action_dispatch/middleware/request_id.rb:21:in `call'
  rack (1.5.2) lib/rack/methodoverride.rb:21:in `call'
  rack (1.5.2) lib/rack/runtime.rb:17:in `call'
  activesupport (4.1.5) lib/active_support/cache/strategy/local_cache_middleware.rb:26:in `call'
  rack (1.5.2) lib/rack/lock.rb:17:in `call'
  actionpack (4.1.5) lib/action_dispatch/middleware/static.rb:64:in `call'
  rack (1.5.2) lib/rack/sendfile.rb:112:in `call'
  railties (4.1.5) lib/rails/engine.rb:514:in `call'
  railties (4.1.5) lib/rails/application.rb:144:in `call'
  rack (1.5.2) lib/rack/lock.rb:17:in `call'
  rack (1.5.2) lib/rack/content_length.rb:14:in `call'
  rack (1.5.2) lib/rack/handler/webrick.rb:60:in `service'
  /Users/manoj/.rvm/rubies/ruby-1.9.3-p484/lib/ruby/1.9.1/webrick/httpserver.rb:138:in `service'
  /Users/manoj/.rvm/rubies/ruby-1.9.3-p484/lib/ruby/1.9.1/webrick/httpserver.rb:94:in `run'
  /Users/manoj/.rvm/rubies/ruby-1.9.3-p484/lib/ruby/1.9.1/webrick/server.rb:191:in `block in start_thread'


  Rendered /Users/manoj/.rvm/gems/ruby-1.9.3-p484/gems/actionpack-4.1.5/lib/action_dispatch/middleware/templates/rescues/_trace.html.erb (1.2ms)
  Rendered /Users/manoj/.rvm/gems/ruby-1.9.3-p484/gems/actionpack-4.1.5/lib/action_dispatch/middleware/templates/routes/_route.html.erb (0.9ms)
  Rendered /Users/manoj/.rvm/gems/ruby-1.9.3-p484/gems/actionpack-4.1.5/lib/action_dispatch/middleware/templates/routes/_table.html.erb (1.1ms)
  Rendered /Users/manoj/.rvm/gems/ruby-1.9.3-p484/gems/actionpack-4.1.5/lib/action_dispatch/middleware/templates/rescues/routing_error.html.erb within rescues/layout (17.9ms)


Started GET "/" for 127.0.0.1 at 2014-10-27 07:34:28 +0530
Processing by PageController#home as HTML
  Rendered page/home.html.erb within layouts/application (0.2ms)
Completed 200 OK in 56ms (Views: 53.3ms | ActiveRecord: 0.0ms)
  Rendered /Users/manoj/.rvm/gems/ruby-1.9.3-p484/gems/xray-rails-0.1.14/app/views/_xray_bar.html.erb (9.1ms)


Started GET "/" for 127.0.0.1 at 2014-10-27 07:40:15 +0530
Processing by PageController#home as HTML
  Rendered page/home.html.erb within layouts/application (0.1ms)
Completed 200 OK in 102ms (Views: 98.9ms | ActiveRecord: 0.0ms)
  Rendered /Users/manoj/.rvm/gems/ruby-1.9.3-p484/gems/xray-rails-0.1.14/app/views/_xray_bar.html.erb (9.2ms)


Started GET "/" for 127.0.0.1 at 2014-10-27 07:41:05 +0530
Processing by PageController#home as HTML
  Rendered page/home.html.erb within layouts/application (0.1ms)
Completed 200 OK in 58ms (Views: 56.2ms | ActiveRecord: 0.0ms)
  Rendered /Users/manoj/.rvm/gems/ruby-1.9.3-p484/gems/xray-rails-0.1.14/app/views/_xray_bar.html.erb (9.6ms)


Started GET "/" for 127.0.0.1 at 2014-10-27 07:41:18 +0530
Processing by PageController#home as HTML
  Rendered page/home.html.erb within layouts/application (0.1ms)
Completed 200 OK in 115ms (Views: 111.6ms | ActiveRecord: 0.0ms)
  Rendered /Users/manoj/.rvm/gems/ruby-1.9.3-p484/gems/xray-rails-0.1.14/app/views/_xray_bar.html.erb (10.6ms)


Started GET "/" for 127.0.0.1 at 2014-10-27 07:41:49 +0530
Processing by PageController#home as HTML
  Rendered page/home.html.erb within layouts/application (0.2ms)
Completed 200 OK in 60ms (Views: 57.1ms | ActiveRecord: 0.0ms)
  Rendered /Users/manoj/.rvm/gems/ruby-1.9.3-p484/gems/xray-rails-0.1.14/app/views/_xray_bar.html.erb (8.8ms)


Started GET "/" for 127.0.0.1 at 2014-10-27 07:47:41 +0530
Processing by PageController#home as HTML
  Rendered page/home.html.erb within layouts/application (0.2ms)
Completed 200 OK in 85ms (Views: 81.8ms | ActiveRecord: 0.0ms)
  Rendered /Users/manoj/.rvm/gems/ruby-1.9.3-p484/gems/xray-rails-0.1.14/app/views/_xray_bar.html.erb (9.7ms)


Started GET "/" for 127.0.0.1 at 2014-10-27 08:00:08 +0530
Processing by PageController#home as HTML
  Rendered page/home.html.erb within layouts/application (0.1ms)
Completed 200 OK in 53ms (Views: 50.9ms | ActiveRecord: 0.0ms)
  Rendered /Users/manoj/.rvm/gems/ruby-1.9.3-p484/gems/xray-rails-0.1.14/app/views/_xray_bar.html.erb (9.3ms)


Started GET "/" for 127.0.0.1 at 2014-10-27 08:00:49 +0530
Processing by PageController#home as HTML
  Rendered page/home.html.erb within layouts/application (0.1ms)
Completed 200 OK in 48ms (Views: 45.9ms | ActiveRecord: 0.0ms)
  Rendered /Users/manoj/.rvm/gems/ruby-1.9.3-p484/gems/xray-rails-0.1.14/app/views/_xray_bar.html.erb (9.0ms)


Started GET "/" for 127.0.0.1 at 2014-10-27 08:01:07 +0530
Processing by PageController#home as HTML
  Rendered page/home.html.erb within layouts/application (0.1ms)
Completed 200 OK in 67ms (Views: 65.9ms | ActiveRecord: 0.0ms)
  Rendered /Users/manoj/.rvm/gems/ruby-1.9.3-p484/gems/xray-rails-0.1.14/app/views/_xray_bar.html.erb (9.9ms)


Started GET "/" for 127.0.0.1 at 2014-10-27 08:01:46 +0530
Processing by PageController#home as HTML
  Rendered page/home.html.erb within layouts/application (0.1ms)
Completed 200 OK in 53ms (Views: 50.8ms | ActiveRecord: 0.0ms)
  Rendered /Users/manoj/.rvm/gems/ruby-1.9.3-p484/gems/xray-rails-0.1.14/app/views/_xray_bar.html.erb (9.4ms)


Started GET "/" for 127.0.0.1 at 2014-10-27 08:02:06 +0530
Processing by PageController#home as HTML
  Rendered page/home.html.erb within layouts/application (2.3ms)
Completed 200 OK in 115ms (Views: 93.0ms | ActiveRecord: 0.0ms)
  Rendered /Users/manoj/.rvm/gems/ruby-1.9.3-p484/gems/xray-rails-0.1.14/app/views/_xray_bar.html.erb (37.0ms)


Started GET "/" for 127.0.0.1 at 2014-10-27 08:02:19 +0530
Processing by PageController#home as HTML
  Rendered page/home.html.erb within layouts/application (0.2ms)
Completed 200 OK in 52ms (Views: 50.3ms | ActiveRecord: 0.0ms)
  Rendered /Users/manoj/.rvm/gems/ruby-1.9.3-p484/gems/xray-rails-0.1.14/app/views/_xray_bar.html.erb (9.0ms)


Started GET "/" for 127.0.0.1 at 2014-10-27 08:02:37 +0530
Processing by PageController#home as HTML
  Rendered page/home.html.erb within layouts/application (0.1ms)
Completed 200 OK in 56ms (Views: 52.5ms | ActiveRecord: 0.0ms)
  Rendered /Users/manoj/.rvm/gems/ruby-1.9.3-p484/gems/xray-rails-0.1.14/app/views/_xray_bar.html.erb (9.7ms)


Started GET "/" for 127.0.0.1 at 2014-10-27 08:03:06 +0530
Processing by PageController#home as HTML
  Rendered page/home.html.erb within layouts/application (0.1ms)
Completed 200 OK in 73ms (Views: 69.8ms | ActiveRecord: 0.0ms)
  Rendered /Users/manoj/.rvm/gems/ruby-1.9.3-p484/gems/xray-rails-0.1.14/app/views/_xray_bar.html.erb (11.0ms)


Started GET "/" for 127.0.0.1 at 2014-10-27 08:03:53 +0530
Processing by PageController#home as HTML
  Rendered page/home.html.erb within layouts/application (0.1ms)
Completed 200 OK in 53ms (Views: 51.4ms | ActiveRecord: 0.0ms)
  Rendered /Users/manoj/.rvm/gems/ruby-1.9.3-p484/gems/xray-rails-0.1.14/app/views/_xray_bar.html.erb (8.8ms)


Started GET "/" for 127.0.0.1 at 2014-10-27 08:04:11 +0530
Processing by PageController#home as HTML
  Rendered page/home.html.erb within layouts/application (0.1ms)
Completed 200 OK in 69ms (Views: 66.8ms | ActiveRecord: 0.0ms)
  Rendered /Users/manoj/.rvm/gems/ruby-1.9.3-p484/gems/xray-rails-0.1.14/app/views/_xray_bar.html.erb (9.9ms)


Started GET "/" for 127.0.0.1 at 2014-10-27 08:04:24 +0530
Processing by PageController#home as HTML
  Rendered page/home.html.erb within layouts/application (0.1ms)
Completed 200 OK in 53ms (Views: 50.1ms | ActiveRecord: 0.0ms)
  Rendered /Users/manoj/.rvm/gems/ruby-1.9.3-p484/gems/xray-rails-0.1.14/app/views/_xray_bar.html.erb (9.6ms)


Started GET "/" for 127.0.0.1 at 2014-10-27 08:04:35 +0530
Processing by PageController#home as HTML
  Rendered page/home.html.erb within layouts/application (0.1ms)
Completed 200 OK in 71ms (Views: 68.2ms | ActiveRecord: 0.0ms)
  Rendered /Users/manoj/.rvm/gems/ruby-1.9.3-p484/gems/xray-rails-0.1.14/app/views/_xray_bar.html.erb (10.1ms)


Started GET "/" for 127.0.0.1 at 2014-10-27 08:04:59 +0530
Processing by PageController#home as HTML
  Rendered page/home.html.erb within layouts/application (0.1ms)
Completed 200 OK in 57ms (Views: 55.1ms | ActiveRecord: 0.0ms)
  Rendered /Users/manoj/.rvm/gems/ruby-1.9.3-p484/gems/xray-rails-0.1.14/app/views/_xray_bar.html.erb (9.4ms)


Started GET "/" for 127.0.0.1 at 2014-10-27 08:08:39 +0530
Processing by PageController#home as HTML
  Rendered page/home.html.erb within layouts/application (0.4ms)
Completed 200 OK in 79ms (Views: 76.0ms | ActiveRecord: 0.0ms)
  Rendered /Users/manoj/.rvm/gems/ruby-1.9.3-p484/gems/xray-rails-0.1.14/app/views/_xray_bar.html.erb (16.4ms)
